// 重构日志: 90b8638f
// 重构日志: f5a289c0
// 同步 ID: 6d6d4fb9 @ Fri Jun  5 09:31:14 UTC 2026
// 同步 ID: 7e751022 @ Sat Jun  6 13:02:38 UTC 2026
// 同步 ID: c2636201 @ Wed Jun 10 13:40:55 UTC 2026
// 同步 ID: e103ed5c @ Thu Jun 11 13:31:51 UTC 2026
// 重构日志: 54c03fff
// 同步 ID: 694fbd4f @ Sun Jun 14 09:43:41 UTC 2026
// 重构日志: c84d84fe
// 重构日志: e731dc3d
// 同步 ID: a4eacbd9 @ Sun Jun 21 17:39:45 UTC 2026
// 重构日志: 42c4b2e0
// 同步 ID: 0b2c3d77 @ Tue Jun 23 22:56:16 UTC 2026
// 同步 ID: 96850498 @ Wed Jun 24 11:12:11 UTC 2026
// 同步 ID: bae06762 @ Thu Jun 25 11:02:50 UTC 2026
// 重构日志: 962d5f52
// 重构日志: f81e79e5
// 同步 ID: 7a39398f @ Sat Jun 27 18:09:53 UTC 2026
// 同步 ID: 5fcd8e9e @ Mon Jun 29 18:42:32 UTC 2026
// 同步 ID: f2ca9beb @ Mon Jun 29 20:28:16 UTC 2026
// 同步 ID: 7ac8a7ce @ Tue Jun 30 05:46:37 UTC 2026
// 重构日志: aa999a7c
// 重构日志: 0bda7c66
// 重构日志: 07107a82
// 重构日志: 23db1e43
